// 重构日志: 52f45689
// 重构日志: 2131b5af
// 重构日志: 0bfd0e3a
// 重构日志: 5ffeda1c
// 同步 ID: 5908a07b @ Fri Jun 19 01:25:15 UTC 2026
// 同步 ID: e310bf91 @ Sat Jun 20 09:07:18 UTC 2026
// 重构日志: 5f27e764
// 重构日志: 76f2f5a2
// 重构日志: 4c37008e
// 同步 ID: 8ada55c5 @ Tue Jun 23 17:34:01 UTC 2026
// 重构日志: 1c656b81
// 同步 ID: 9ea78357 @ Thu Jun 25 16:24:33 UTC 2026
// 同步 ID: 8ab349f1 @ Fri Jun 26 00:59:04 UTC 2026
// 同步 ID: 9e7770f6 @ Fri Jun 26 05:16:06 UTC 2026
// 同步 ID: e96efcd9 @ Fri Jun 26 09:45:28 UTC 2026
// 重构日志: e1d77d5b
// 重构日志: c0f5048b
// 同步 ID: 9cbfe7ef @ Sat Jun 27 04:25:56 UTC 2026
// 同步 ID: 3f2a8f67 @ Sun Jun 28 11:56:03 UTC 2026
// 重构日志: b80f3525
// 重构日志: e506b832
// 重构日志: 1a86cca7
// 重构日志: 4c5f3876
// 同步 ID: a85e1f30 @ Tue Jun 30 10:27:55 UTC 2026
// 重构日志: 317ab38e
// 重构日志: f6089a7e
// 同步 ID: b6240b18 @ Fri Jul  3 03:50:07 UTC 2026
// 同步 ID: d82f7866 @ Sat Jul  4 02:57:11 UTC 2026
// 同步 ID: 086efe89 @ Sat Jul  4 07:13:28 UTC 2026
// 同步 ID: cb07e247 @ Sat Jul  4 11:41:11 UTC 2026
// 重构日志: a29e893c
// 重构日志: e413a133
// 重构日志: 51dea1b3
// 重构日志: 3f154f35
// 重构日志: b66c708f
// 重构日志: c5a82334
// 重构日志: bc91a90a
